mode: set
github.com/pauluswi/rhine/pkg/accesslog/middleware.go:14.49,15.40 1 1
github.com/pauluswi/rhine/pkg/accesslog/middleware.go:15.40,34.3 9 1
github.com/pauluswi/rhine/internal/errors/middleware.go:16.49,17.46 1 1
github.com/pauluswi/rhine/internal/errors/middleware.go:17.46,18.16 1 1
github.com/pauluswi/rhine/internal/errors/middleware.go:42.3,42.18 1 1
github.com/pauluswi/rhine/internal/errors/middleware.go:18.16,20.32 2 1
github.com/pauluswi/rhine/internal/errors/middleware.go:29.4,29.18 1 1
github.com/pauluswi/rhine/internal/errors/middleware.go:20.32,22.33 2 1
github.com/pauluswi/rhine/internal/errors/middleware.go:26.5,26.66 1 1
github.com/pauluswi/rhine/internal/errors/middleware.go:22.33,24.6 1 1
github.com/pauluswi/rhine/internal/errors/middleware.go:29.18,31.59 2 1
github.com/pauluswi/rhine/internal/errors/middleware.go:34.5,35.39 2 1
github.com/pauluswi/rhine/internal/errors/middleware.go:38.5,39.14 2 1
github.com/pauluswi/rhine/internal/errors/middleware.go:31.59,33.6 1 1
github.com/pauluswi/rhine/internal/errors/middleware.go:35.39,37.6 1 0
github.com/pauluswi/rhine/internal/errors/middleware.go:47.50,48.20 1 1
github.com/pauluswi/rhine/internal/errors/middleware.go:65.2,65.35 1 1
github.com/pauluswi/rhine/internal/errors/middleware.go:68.2,68.32 1 1
github.com/pauluswi/rhine/internal/errors/middleware.go:49.21,50.29 1 1
github.com/pauluswi/rhine/internal/errors/middleware.go:51.25,52.47 1 1
github.com/pauluswi/rhine/internal/errors/middleware.go:53.25,54.47 1 1
github.com/pauluswi/rhine/internal/errors/middleware.go:55.28,56.23 1 1
github.com/pauluswi/rhine/internal/errors/middleware.go:57.11,61.5 1 1
github.com/pauluswi/rhine/internal/errors/middleware.go:65.35,67.3 1 1
github.com/pauluswi/rhine/internal/errors/response.go:17.39,19.2 1 1
github.com/pauluswi/rhine/internal/errors/response.go:22.41,24.2 1 1
github.com/pauluswi/rhine/internal/errors/response.go:27.52,28.15 1 1
github.com/pauluswi/rhine/internal/errors/response.go:31.2,34.3 1 1
github.com/pauluswi/rhine/internal/errors/response.go:28.15,30.3 1 1
github.com/pauluswi/rhine/internal/errors/response.go:38.41,39.15 1 1
github.com/pauluswi/rhine/internal/errors/response.go:42.2,45.3 1 1
github.com/pauluswi/rhine/internal/errors/response.go:39.15,41.3 1 1
github.com/pauluswi/rhine/internal/errors/response.go:49.45,50.15 1 1
github.com/pauluswi/rhine/internal/errors/response.go:53.2,56.3 1 1
github.com/pauluswi/rhine/internal/errors/response.go:50.15,52.3 1 1
github.com/pauluswi/rhine/internal/errors/response.go:60.42,61.15 1 1
github.com/pauluswi/rhine/internal/errors/response.go:64.2,67.3 1 1
github.com/pauluswi/rhine/internal/errors/response.go:61.15,63.3 1 1
github.com/pauluswi/rhine/internal/errors/response.go:71.43,72.15 1 1
github.com/pauluswi/rhine/internal/errors/response.go:75.2,78.3 1 1
github.com/pauluswi/rhine/internal/errors/response.go:72.15,74.3 1 1
github.com/pauluswi/rhine/internal/errors/response.go:87.57,90.26 3 1
github.com/pauluswi/rhine/internal/errors/response.go:93.2,94.31 2 1
github.com/pauluswi/rhine/internal/errors/response.go:101.2,105.3 1 1
github.com/pauluswi/rhine/internal/errors/response.go:90.26,92.3 1 1
github.com/pauluswi/rhine/internal/errors/response.go:94.31,99.3 1 1
github.com/pauluswi/rhine/internal/healthcheck/api.go:6.58,8.2 1 1
github.com/pauluswi/rhine/internal/healthcheck/api.go:11.50,12.40 1 1
github.com/pauluswi/rhine/internal/healthcheck/api.go:12.40,14.3 1 1
github.com/pauluswi/rhine/cmd/server/main.go:32.13,39.16 4 0
github.com/pauluswi/rhine/cmd/server/main.go:45.2,46.16 2 0
github.com/pauluswi/rhine/cmd/server/main.go:50.2,52.15 3 0
github.com/pauluswi/rhine/cmd/server/main.go:59.2,68.75 5 0
github.com/pauluswi/rhine/cmd/server/main.go:39.16,42.3 2 0
github.com/pauluswi/rhine/cmd/server/main.go:46.16,49.3 2 0
github.com/pauluswi/rhine/cmd/server/main.go:52.15,53.36 1 0
github.com/pauluswi/rhine/cmd/server/main.go:53.36,55.4 1 0
github.com/pauluswi/rhine/cmd/server/main.go:68.75,71.3 2 0
github.com/pauluswi/rhine/cmd/server/main.go:75.89,102.2 8 0
github.com/pauluswi/rhine/cmd/server/main.go:105.53,106.91 1 1
github.com/pauluswi/rhine/cmd/server/main.go:106.91,107.17 1 1
github.com/pauluswi/rhine/cmd/server/main.go:107.17,109.4 1 1
github.com/pauluswi/rhine/cmd/server/main.go:109.9,111.4 1 1
github.com/pauluswi/rhine/cmd/server/main.go:116.51,117.94 1 1
github.com/pauluswi/rhine/cmd/server/main.go:117.94,118.17 1 1
github.com/pauluswi/rhine/cmd/server/main.go:118.17,120.4 1 1
github.com/pauluswi/rhine/cmd/server/main.go:120.9,122.4 1 1
github.com/pauluswi/rhine/internal/auth/middleware.go:15.54,17.2 1 1
github.com/pauluswi/rhine/internal/auth/middleware.go:20.62,28.2 3 1
github.com/pauluswi/rhine/internal/auth/middleware.go:37.69,39.2 1 1
github.com/pauluswi/rhine/internal/auth/middleware.go:43.48,44.54 1 1
github.com/pauluswi/rhine/internal/auth/middleware.go:47.2,47.12 1 1
github.com/pauluswi/rhine/internal/auth/middleware.go:44.54,46.3 1 1
github.com/pauluswi/rhine/internal/auth/middleware.go:54.48,55.53 1 1
github.com/pauluswi/rhine/internal/auth/middleware.go:58.2,60.12 3 1
github.com/pauluswi/rhine/internal/auth/middleware.go:55.53,57.3 1 1
github.com/pauluswi/rhine/internal/auth/middleware.go:64.35,68.2 3 1
github.com/pauluswi/rhine/internal/auth/service.go:35.84,37.2 1 1
github.com/pauluswi/rhine/internal/auth/service.go:41.88,42.74 1 1
github.com/pauluswi/rhine/internal/auth/service.go:45.2,45.36 1 1
github.com/pauluswi/rhine/internal/auth/service.go:42.74,44.3 1 1
github.com/pauluswi/rhine/internal/auth/service.go:50.88,54.46 2 1
github.com/pauluswi/rhine/internal/auth/service.go:59.2,60.12 2 1
github.com/pauluswi/rhine/internal/auth/service.go:54.46,57.3 2 1
github.com/pauluswi/rhine/internal/auth/service.go:64.65,70.2 1 1
github.com/pauluswi/rhine/internal/auth/api.go:10.83,12.2 1 1
github.com/pauluswi/rhine/internal/auth/api.go:15.64,16.40 1 1
github.com/pauluswi/rhine/internal/auth/api.go:16.40,22.38 2 1
github.com/pauluswi/rhine/internal/auth/api.go:27.3,28.17 2 1
github.com/pauluswi/rhine/internal/auth/api.go:31.3,33.12 1 1
github.com/pauluswi/rhine/internal/auth/api.go:22.38,25.4 2 1
github.com/pauluswi/rhine/internal/auth/api.go:28.17,30.4 1 1
github.com/pauluswi/rhine/internal/paytoken/api.go:13.111,23.2 5 1
github.com/pauluswi/rhine/internal/paytoken/api.go:30.58,32.16 2 1
github.com/pauluswi/rhine/internal/paytoken/api.go:36.2,36.26 1 1
github.com/pauluswi/rhine/internal/paytoken/api.go:32.16,34.3 1 0
github.com/pauluswi/rhine/internal/paytoken/api.go:39.54,41.39 2 1
github.com/pauluswi/rhine/internal/paytoken/api.go:45.2,46.16 2 1
github.com/pauluswi/rhine/internal/paytoken/api.go:50.2,50.56 1 1
github.com/pauluswi/rhine/internal/paytoken/api.go:41.39,44.3 2 1
github.com/pauluswi/rhine/internal/paytoken/api.go:46.16,48.3 1 0
github.com/pauluswi/rhine/internal/paytoken/api.go:53.54,55.39 2 1
github.com/pauluswi/rhine/internal/paytoken/api.go:59.2,60.16 2 1
github.com/pauluswi/rhine/internal/paytoken/api.go:63.2,63.56 1 1
github.com/pauluswi/rhine/internal/paytoken/api.go:55.39,58.3 2 1
github.com/pauluswi/rhine/internal/paytoken/api.go:60.16,62.3 1 0
github.com/pauluswi/rhine/internal/paytoken/repository.go:36.68,38.2 1 1
github.com/pauluswi/rhine/internal/paytoken/repository.go:41.85,48.2 3 1
github.com/pauluswi/rhine/internal/paytoken/repository.go:51.102,58.2 3 1
github.com/pauluswi/rhine/internal/paytoken/repository.go:61.105,63.23 2 1
github.com/pauluswi/rhine/internal/paytoken/repository.go:68.2,74.22 4 1
github.com/pauluswi/rhine/internal/paytoken/repository.go:63.23,66.3 2 0
github.com/pauluswi/rhine/internal/paytoken/repository.go:79.79,91.2 2 1
github.com/pauluswi/rhine/internal/paytoken/repository.go:94.81,100.2 2 1
github.com/pauluswi/rhine/internal/paytoken/service.go:34.61,36.2 1 1
github.com/pauluswi/rhine/internal/paytoken/service.go:47.98,49.16 2 1
github.com/pauluswi/rhine/internal/paytoken/service.go:52.2,52.23 1 1
github.com/pauluswi/rhine/internal/paytoken/service.go:49.16,51.3 1 0
github.com/pauluswi/rhine/internal/paytoken/service.go:56.110,57.15 1 1
github.com/pauluswi/rhine/internal/paytoken/service.go:63.2,63.25 1 1
github.com/pauluswi/rhine/internal/paytoken/service.go:122.2,122.34 1 0
github.com/pauluswi/rhine/internal/paytoken/service.go:57.15,58.17 1 1
github.com/pauluswi/rhine/internal/paytoken/service.go:58.17,60.4 1 0
github.com/pauluswi/rhine/internal/paytoken/service.go:63.25,65.17 2 1
github.com/pauluswi/rhine/internal/paytoken/service.go:72.3,73.17 2 1
github.com/pauluswi/rhine/internal/paytoken/service.go:78.3,85.120 5 1
github.com/pauluswi/rhine/internal/paytoken/service.go:90.3,99.17 9 1
github.com/pauluswi/rhine/internal/paytoken/service.go:104.3,105.17 2 1
github.com/pauluswi/rhine/internal/paytoken/service.go:115.3,119.21 2 1
github.com/pauluswi/rhine/internal/paytoken/service.go:65.17,68.4 2 0
github.com/pauluswi/rhine/internal/paytoken/service.go:73.17,76.4 2 0
github.com/pauluswi/rhine/internal/paytoken/service.go:85.120,87.4 1 1
github.com/pauluswi/rhine/internal/paytoken/service.go:99.17,102.4 2 0
github.com/pauluswi/rhine/internal/paytoken/service.go:105.17,106.55 1 0
github.com/pauluswi/rhine/internal/paytoken/service.go:111.4,112.36 2 0
github.com/pauluswi/rhine/internal/paytoken/service.go:106.55,108.13 1 0
github.com/pauluswi/rhine/internal/paytoken/service.go:126.110,127.15 1 1
github.com/pauluswi/rhine/internal/paytoken/service.go:133.2,134.16 2 1
github.com/pauluswi/rhine/internal/paytoken/service.go:141.2,142.35 2 1
github.com/pauluswi/rhine/internal/paytoken/service.go:148.2,148.16 1 1
github.com/pauluswi/rhine/internal/paytoken/service.go:153.2,153.23 1 1
github.com/pauluswi/rhine/internal/paytoken/service.go:158.2,171.46 4 1
github.com/pauluswi/rhine/internal/paytoken/service.go:176.2,176.18 1 1
github.com/pauluswi/rhine/internal/paytoken/service.go:181.2,181.16 1 1
github.com/pauluswi/rhine/internal/paytoken/service.go:186.2,186.17 1 1
github.com/pauluswi/rhine/internal/paytoken/service.go:127.15,128.17 1 1
github.com/pauluswi/rhine/internal/paytoken/service.go:128.17,130.4 1 0
github.com/pauluswi/rhine/internal/paytoken/service.go:134.16,137.3 2 0
github.com/pauluswi/rhine/internal/paytoken/service.go:142.35,146.3 2 0
github.com/pauluswi/rhine/internal/paytoken/service.go:148.16,151.3 2 0
github.com/pauluswi/rhine/internal/paytoken/service.go:153.23,156.3 2 0
github.com/pauluswi/rhine/internal/paytoken/service.go:171.46,174.3 2 1
github.com/pauluswi/rhine/internal/paytoken/service.go:176.18,179.3 2 1
github.com/pauluswi/rhine/internal/paytoken/service.go:181.16,184.3 2 0
github.com/pauluswi/rhine/pkg/log/logger.go:45.19,48.2 2 1
github.com/pauluswi/rhine/pkg/log/logger.go:51.39,53.2 1 1
github.com/pauluswi/rhine/pkg/log/logger.go:56.52,59.2 2 1
github.com/pauluswi/rhine/pkg/log/logger.go:68.72,69.16 1 1
github.com/pauluswi/rhine/pkg/log/logger.go:77.2,77.19 1 1
github.com/pauluswi/rhine/pkg/log/logger.go:80.2,80.10 1 1
github.com/pauluswi/rhine/pkg/log/logger.go:69.16,70.53 1 1
github.com/pauluswi/rhine/pkg/log/logger.go:73.3,73.57 1 1
github.com/pauluswi/rhine/pkg/log/logger.go:70.53,72.4 1 1
github.com/pauluswi/rhine/pkg/log/logger.go:73.57,75.4 1 1
github.com/pauluswi/rhine/pkg/log/logger.go:77.19,79.3 1 1
github.com/pauluswi/rhine/pkg/log/logger.go:84.74,86.14 2 1
github.com/pauluswi/rhine/pkg/log/logger.go:89.2,90.43 2 1
github.com/pauluswi/rhine/pkg/log/logger.go:93.2,93.12 1 1
github.com/pauluswi/rhine/pkg/log/logger.go:86.14,88.3 1 1
github.com/pauluswi/rhine/pkg/log/logger.go:90.43,92.3 1 1
github.com/pauluswi/rhine/pkg/log/logger.go:97.49,99.2 1 1
github.com/pauluswi/rhine/pkg/log/logger.go:102.45,104.2 1 1
github.com/pauluswi/rhine/pkg/pagination/pages.go:36.43,37.18 1 1
github.com/pauluswi/rhine/pkg/pagination/pages.go:40.2,40.27 1 1
github.com/pauluswi/rhine/pkg/pagination/pages.go:43.2,44.16 2 1
github.com/pauluswi/rhine/pkg/pagination/pages.go:50.2,50.14 1 1
github.com/pauluswi/rhine/pkg/pagination/pages.go:54.2,59.3 1 1
github.com/pauluswi/rhine/pkg/pagination/pages.go:37.18,39.3 1 1
github.com/pauluswi/rhine/pkg/pagination/pages.go:40.27,42.3 1 1
github.com/pauluswi/rhine/pkg/pagination/pages.go:44.16,46.23 2 1
github.com/pauluswi/rhine/pkg/pagination/pages.go:46.23,48.4 1 1
github.com/pauluswi/rhine/pkg/pagination/pages.go:50.14,52.3 1 1
github.com/pauluswi/rhine/pkg/pagination/pages.go:64.58,68.2 3 1
github.com/pauluswi/rhine/pkg/pagination/pages.go:71.51,72.17 1 1
github.com/pauluswi/rhine/pkg/pagination/pages.go:75.2,75.52 1 1
github.com/pauluswi/rhine/pkg/pagination/pages.go:78.2,78.21 1 1
github.com/pauluswi/rhine/pkg/pagination/pages.go:72.17,74.3 1 1
github.com/pauluswi/rhine/pkg/pagination/pages.go:75.52,77.3 1 1
github.com/pauluswi/rhine/pkg/pagination/pages.go:82.30,84.2 1 1
github.com/pauluswi/rhine/pkg/pagination/pages.go:87.29,89.2 1 1
github.com/pauluswi/rhine/pkg/pagination/pages.go:92.76,95.20 3 1
github.com/pauluswi/rhine/pkg/pagination/pages.go:99.2,99.20 1 1
github.com/pauluswi/rhine/pkg/pagination/pages.go:108.2,108.15 1 1
github.com/pauluswi/rhine/pkg/pagination/pages.go:95.20,98.3 2 1
github.com/pauluswi/rhine/pkg/pagination/pages.go:99.20,100.19 1 1
github.com/pauluswi/rhine/pkg/pagination/pages.go:103.3,104.21 2 1
github.com/pauluswi/rhine/pkg/pagination/pages.go:100.19,102.4 1 1
github.com/pauluswi/rhine/pkg/pagination/pages.go:104.21,106.4 1 1
github.com/pauluswi/rhine/pkg/pagination/pages.go:115.74,119.40 4 1
github.com/pauluswi/rhine/pkg/pagination/pages.go:122.2,122.36 1 1
github.com/pauluswi/rhine/pkg/pagination/pages.go:127.2,127.14 1 1
github.com/pauluswi/rhine/pkg/pagination/pages.go:131.2,131.40 1 1
github.com/pauluswi/rhine/pkg/pagination/pages.go:137.2,137.53 1 1
github.com/pauluswi/rhine/pkg/pagination/pages.go:145.2,145.14 1 1
github.com/pauluswi/rhine/pkg/pagination/pages.go:119.40,121.3 1 1
github.com/pauluswi/rhine/pkg/pagination/pages.go:122.36,124.3 1 1
github.com/pauluswi/rhine/pkg/pagination/pages.go:124.8,126.3 1 1
github.com/pauluswi/rhine/pkg/pagination/pages.go:127.14,130.3 2 1
github.com/pauluswi/rhine/pkg/pagination/pages.go:131.40,134.3 2 1
github.com/pauluswi/rhine/pkg/pagination/pages.go:134.8,134.26 1 1
github.com/pauluswi/rhine/pkg/pagination/pages.go:134.26,136.3 1 1
github.com/pauluswi/rhine/pkg/pagination/pages.go:137.53,138.26 1 1
github.com/pauluswi/rhine/pkg/pagination/pages.go:138.26,139.22 1 1
github.com/pauluswi/rhine/pkg/pagination/pages.go:139.22,141.5 1 1
github.com/pauluswi/rhine/pkg/dbcontext/db.go:27.26,29.2 1 1
github.com/pauluswi/rhine/pkg/dbcontext/db.go:32.28,34.2 1 1
github.com/pauluswi/rhine/pkg/dbcontext/db.go:39.53,40.46 1 1
github.com/pauluswi/rhine/pkg/dbcontext/db.go:43.2,43.31 1 1
github.com/pauluswi/rhine/pkg/dbcontext/db.go:40.46,42.3 1 1
github.com/pauluswi/rhine/pkg/dbcontext/db.go:48.91,49.69 1 1
github.com/pauluswi/rhine/pkg/dbcontext/db.go:49.69,51.3 1 1
github.com/pauluswi/rhine/pkg/dbcontext/db.go:56.52,57.40 1 1
github.com/pauluswi/rhine/pkg/dbcontext/db.go:57.40,58.86 1 1
github.com/pauluswi/rhine/pkg/dbcontext/db.go:58.86,62.4 3 1
